[02-Nov-2022 16:06:47 HongKong] PHP Notice:  Undefined index: user_level in C:\xampp\htdocs\isearch.asticom.com.ph\functions\userlevel.php on line 2
[02-Nov-2022 22:59:52 HongKong] PHP Notice:  Trying to access array offset on value of type bool in C:\xampp\htdocs\isearch.asticom.com.ph\admin-cpanel\news-and-announcement.php on line 321
[02-Nov-2022 23:00:26 HongKong] PHP Notice:  Trying to access array offset on value of type bool in C:\xampp\htdocs\isearch.asticom.com.ph\admin-cpanel\news-and-announcement.php on line 321
[02-Nov-2022 23:01:37 HongKong] PHP Notice:  Trying to access array offset on value of type bool in C:\xampp\htdocs\isearch.asticom.com.ph\admin-cpanel\news-and-announcement.php on line 321
[03-Nov-2022 09:10:15 HongKong] PHP Fatal error:  Uncaught ArgumentCountError: Too few arguments to function onLoadController::checkPostCategories(), 0 passed in C:\xampp\htdocs\isearch.asticom.com.ph\admin-cpanel\news-and-announcement.php on line 142 and exactly 1 expected in C:\xampp\htdocs\isearch.asticom.com.ph\admin-cpanel\controller\onLoadController.php:25
Stack trace:
#0 C:\xampp\htdocs\isearch.asticom.com.ph\admin-cpanel\news-and-announcement.php(142): onLoadController->checkPostCategories()
#1 {main}
  thrown in C:\xampp\htdocs\isearch.asticom.com.ph\admin-cpanel\controller\onLoadController.php on line 25
[03-Nov-2022 09:10:33 HongKong] PHP Fatal error:  Uncaught ArgumentCountError: Too few arguments to function onLoadController::checkPostCategories(), 0 passed in C:\xampp\htdocs\isearch.asticom.com.ph\admin-cpanel\news-and-announcement.php on line 142 and exactly 1 expected in C:\xampp\htdocs\isearch.asticom.com.ph\admin-cpanel\controller\onLoadController.php:25
Stack trace:
#0 C:\xampp\htdocs\isearch.asticom.com.ph\admin-cpanel\news-and-announcement.php(142): onLoadController->checkPostCategories()
#1 {main}
  thrown in C:\xampp\htdocs\isearch.asticom.com.ph\admin-cpanel\controller\onLoadController.php on line 25
[03-Nov-2022 09:10:36 HongKong] PHP Fatal error:  Uncaught ArgumentCountError: Too few arguments to function onLoadController::checkPostCategories(), 0 passed in C:\xampp\htdocs\isearch.asticom.com.ph\admin-cpanel\news-and-announcement.php on line 142 and exactly 1 expected in C:\xampp\htdocs\isearch.asticom.com.ph\admin-cpanel\controller\onLoadController.php:25
Stack trace:
#0 C:\xampp\htdocs\isearch.asticom.com.ph\admin-cpanel\news-and-announcement.php(142): onLoadController->checkPostCategories()
#1 {main}
  thrown in C:\xampp\htdocs\isearch.asticom.com.ph\admin-cpanel\controller\onLoadController.php on line 25
[03-Nov-2022 09:10:49 HongKong] PHP Fatal error:  Uncaught ArgumentCountError: Too few arguments to function onLoadController::checkPostCategories(), 0 passed in C:\xampp\htdocs\isearch.asticom.com.ph\admin-cpanel\news-and-announcement.php on line 142 and exactly 1 expected in C:\xampp\htdocs\isearch.asticom.com.ph\admin-cpanel\controller\onLoadController.php:25
Stack trace:
#0 C:\xampp\htdocs\isearch.asticom.com.ph\admin-cpanel\news-and-announcement.php(142): onLoadController->checkPostCategories()
#1 {main}
  thrown in C:\xampp\htdocs\isearch.asticom.com.ph\admin-cpanel\controller\onLoadController.php on line 25
[03-Nov-2022 09:10:51 HongKong] PHP Fatal error:  Uncaught ArgumentCountError: Too few arguments to function onLoadController::checkPostCategories(), 0 passed in C:\xampp\htdocs\isearch.asticom.com.ph\admin-cpanel\news-and-announcement.php on line 142 and exactly 1 expected in C:\xampp\htdocs\isearch.asticom.com.ph\admin-cpanel\controller\onLoadController.php:25
Stack trace:
#0 C:\xampp\htdocs\isearch.asticom.com.ph\admin-cpanel\news-and-announcement.php(142): onLoadController->checkPostCategories()
#1 {main}
  thrown in C:\xampp\htdocs\isearch.asticom.com.ph\admin-cpanel\controller\onLoadController.php on line 25
[03-Nov-2022 09:10:51 HongKong] PHP Fatal error:  Uncaught ArgumentCountError: Too few arguments to function onLoadController::checkPostCategories(), 0 passed in C:\xampp\htdocs\isearch.asticom.com.ph\admin-cpanel\news-and-announcement.php on line 142 and exactly 1 expected in C:\xampp\htdocs\isearch.asticom.com.ph\admin-cpanel\controller\onLoadController.php:25
Stack trace:
#0 C:\xampp\htdocs\isearch.asticom.com.ph\admin-cpanel\news-and-announcement.php(142): onLoadController->checkPostCategories()
#1 {main}
  thrown in C:\xampp\htdocs\isearch.asticom.com.ph\admin-cpanel\controller\onLoadController.php on line 25
[03-Nov-2022 09:10:52 HongKong] PHP Fatal error:  Uncaught ArgumentCountError: Too few arguments to function onLoadController::checkPostCategories(), 0 passed in C:\xampp\htdocs\isearch.asticom.com.ph\admin-cpanel\news-and-announcement.php on line 142 and exactly 1 expected in C:\xampp\htdocs\isearch.asticom.com.ph\admin-cpanel\controller\onLoadController.php:25
Stack trace:
#0 C:\xampp\htdocs\isearch.asticom.com.ph\admin-cpanel\news-and-announcement.php(142): onLoadController->checkPostCategories()
#1 {main}
  thrown in C:\xampp\htdocs\isearch.asticom.com.ph\admin-cpanel\controller\onLoadController.php on line 25
[03-Nov-2022 09:10:52 HongKong] PHP Fatal error:  Uncaught ArgumentCountError: Too few arguments to function onLoadController::checkPostCategories(), 0 passed in C:\xampp\htdocs\isearch.asticom.com.ph\admin-cpanel\news-and-announcement.php on line 142 and exactly 1 expected in C:\xampp\htdocs\isearch.asticom.com.ph\admin-cpanel\controller\onLoadController.php:25
Stack trace:
#0 C:\xampp\htdocs\isearch.asticom.com.ph\admin-cpanel\news-and-announcement.php(142): onLoadController->checkPostCategories()
#1 {main}
  thrown in C:\xampp\htdocs\isearch.asticom.com.ph\admin-cpanel\controller\onLoadController.php on line 25
[03-Nov-2022 09:10:52 HongKong] PHP Fatal error:  Uncaught ArgumentCountError: Too few arguments to function onLoadController::checkPostCategories(), 0 passed in C:\xampp\htdocs\isearch.asticom.com.ph\admin-cpanel\news-and-announcement.php on line 142 and exactly 1 expected in C:\xampp\htdocs\isearch.asticom.com.ph\admin-cpanel\controller\onLoadController.php:25
Stack trace:
#0 C:\xampp\htdocs\isearch.asticom.com.ph\admin-cpanel\news-and-announcement.php(142): onLoadController->checkPostCategories()
#1 {main}
  thrown in C:\xampp\htdocs\isearch.asticom.com.ph\admin-cpanel\controller\onLoadController.php on line 25
[03-Nov-2022 09:10:52 HongKong] PHP Fatal error:  Uncaught ArgumentCountError: Too few arguments to function onLoadController::checkPostCategories(), 0 passed in C:\xampp\htdocs\isearch.asticom.com.ph\admin-cpanel\news-and-announcement.php on line 142 and exactly 1 expected in C:\xampp\htdocs\isearch.asticom.com.ph\admin-cpanel\controller\onLoadController.php:25
Stack trace:
#0 C:\xampp\htdocs\isearch.asticom.com.ph\admin-cpanel\news-and-announcement.php(142): onLoadController->checkPostCategories()
#1 {main}
  thrown in C:\xampp\htdocs\isearch.asticom.com.ph\admin-cpanel\controller\onLoadController.php on line 25
[03-Nov-2022 09:11:16 HongKong] PHP Fatal error:  Uncaught ArgumentCountError: Too few arguments to function onLoadController::checkPostCategories(), 0 passed in C:\xampp\htdocs\isearch.asticom.com.ph\admin-cpanel\news-and-announcement.php on line 142 and exactly 1 expected in C:\xampp\htdocs\isearch.asticom.com.ph\admin-cpanel\controller\onLoadController.php:25
Stack trace:
#0 C:\xampp\htdocs\isearch.asticom.com.ph\admin-cpanel\news-and-announcement.php(142): onLoadController->checkPostCategories()
#1 {main}
  thrown in C:\xampp\htdocs\isearch.asticom.com.ph\admin-cpanel\controller\onLoadController.php on line 25
[03-Nov-2022 09:16:39 HongKong] PHP Fatal error:  Uncaught PDOException: SQLSTATE[42S22]: Column not found: 1054 Unknown column 'cybertech' in 'where clause' in C:\xampp\htdocs\isearch.asticom.com.ph\admin-cpanel\controller\onLoadController.php:28
Stack trace:
#0 C:\xampp\htdocs\isearch.asticom.com.ph\admin-cpanel\controller\onLoadController.php(28): PDO->query('SELECT * FROM c...')
#1 C:\xampp\htdocs\isearch.asticom.com.ph\admin-cpanel\news-and-announcement.php(100): onLoadController->checkPostCategories('cybertech')
#2 {main}
  thrown in C:\xampp\htdocs\isearch.asticom.com.ph\admin-cpanel\controller\onLoadController.php on line 28
[03-Nov-2022 09:17:57 HongKong] PHP Fatal error:  Uncaught PDOException: SQLSTATE[42S22]: Column not found: 1054 Unknown column 'cybertech' in 'where clause' in C:\xampp\htdocs\isearch.asticom.com.ph\admin-cpanel\controller\onLoadController.php:29
Stack trace:
#0 C:\xampp\htdocs\isearch.asticom.com.ph\admin-cpanel\controller\onLoadController.php(29): PDOStatement->execute()
#1 C:\xampp\htdocs\isearch.asticom.com.ph\admin-cpanel\news-and-announcement.php(100): onLoadController->checkPostCategories('cybertech')
#2 {main}
  thrown in C:\xampp\htdocs\isearch.asticom.com.ph\admin-cpanel\controller\onLoadController.php on line 29
[03-Nov-2022 09:17:58 HongKong] PHP Fatal error:  Uncaught PDOException: SQLSTATE[42S22]: Column not found: 1054 Unknown column 'cybertech' in 'where clause' in C:\xampp\htdocs\isearch.asticom.com.ph\admin-cpanel\controller\onLoadController.php:29
Stack trace:
#0 C:\xampp\htdocs\isearch.asticom.com.ph\admin-cpanel\controller\onLoadController.php(29): PDOStatement->execute()
#1 C:\xampp\htdocs\isearch.asticom.com.ph\admin-cpanel\news-and-announcement.php(100): onLoadController->checkPostCategories('cybertech')
#2 {main}
  thrown in C:\xampp\htdocs\isearch.asticom.com.ph\admin-cpanel\controller\onLoadController.php on line 29
[03-Nov-2022 09:19:09 HongKong] PHP Fatal error:  Uncaught Error: Object of class PDOStatement could not be converted to string in C:\xampp\htdocs\isearch.asticom.com.ph\admin-cpanel\news-and-announcement.php:100
Stack trace:
#0 {main}
  thrown in C:\xampp\htdocs\isearch.asticom.com.ph\admin-cpanel\news-and-announcement.php on line 100
[03-Nov-2022 09:19:31 HongKong] PHP Fatal error:  Uncaught Error: Object of class PDOStatement could not be converted to string in C:\xampp\htdocs\isearch.asticom.com.ph\admin-cpanel\news-and-announcement.php:100
Stack trace:
#0 {main}
  thrown in C:\xampp\htdocs\isearch.asticom.com.ph\admin-cpanel\news-and-announcement.php on line 100
[03-Nov-2022 09:19:31 HongKong] PHP Fatal error:  Uncaught Error: Object of class PDOStatement could not be converted to string in C:\xampp\htdocs\isearch.asticom.com.ph\admin-cpanel\news-and-announcement.php:100
Stack trace:
#0 {main}
  thrown in C:\xampp\htdocs\isearch.asticom.com.ph\admin-cpanel\news-and-announcement.php on line 100
[03-Nov-2022 09:19:32 HongKong] PHP Fatal error:  Uncaught Error: Object of class PDOStatement could not be converted to string in C:\xampp\htdocs\isearch.asticom.com.ph\admin-cpanel\news-and-announcement.php:100
Stack trace:
#0 {main}
  thrown in C:\xampp\htdocs\isearch.asticom.com.ph\admin-cpanel\news-and-announcement.php on line 100
[03-Nov-2022 09:19:32 HongKong] PHP Fatal error:  Uncaught Error: Object of class PDOStatement could not be converted to string in C:\xampp\htdocs\isearch.asticom.com.ph\admin-cpanel\news-and-announcement.php:100
Stack trace:
#0 {main}
  thrown in C:\xampp\htdocs\isearch.asticom.com.ph\admin-cpanel\news-and-announcement.php on line 100
[03-Nov-2022 09:19:32 HongKong] PHP Fatal error:  Uncaught Error: Object of class PDOStatement could not be converted to string in C:\xampp\htdocs\isearch.asticom.com.ph\admin-cpanel\news-and-announcement.php:100
Stack trace:
#0 {main}
  thrown in C:\xampp\htdocs\isearch.asticom.com.ph\admin-cpanel\news-and-announcement.php on line 100
[03-Nov-2022 09:19:32 HongKong] PHP Fatal error:  Uncaught Error: Object of class PDOStatement could not be converted to string in C:\xampp\htdocs\isearch.asticom.com.ph\admin-cpanel\news-and-announcement.php:100
Stack trace:
#0 {main}
  thrown in C:\xampp\htdocs\isearch.asticom.com.ph\admin-cpanel\news-and-announcement.php on line 100
[03-Nov-2022 09:23:35 HongKong] PHP Notice:  Undefined index: badwords in C:\xampp\htdocs\isearch.asticom.com.ph\admin-cpanel\controller\onLoadController.php on line 32
[03-Nov-2022 21:51:02 HongKong] PHP Notice:  Undefined variable: getAnnouncement in C:\xampp\htdocs\isearch.asticom.com.ph\admin-cpanel\profanity-list.php on line 89
[03-Nov-2022 21:51:02 HongKong] PHP Fatal error:  Uncaught Error: Call to a member function fetch() on null in C:\xampp\htdocs\isearch.asticom.com.ph\admin-cpanel\profanity-list.php:89
Stack trace:
#0 {main}
  thrown in C:\xampp\htdocs\isearch.asticom.com.ph\admin-cpanel\profanity-list.php on line 89
[04-Nov-2022 03:29:41 HongKong] PHP Notice:  Undefined variable: getAnnouncement in C:\xampp\htdocs\isearch.asticom.com.ph\admin-cpanel\user-management.php on line 98
[04-Nov-2022 03:29:41 HongKong] PHP Fatal error:  Uncaught Error: Call to a member function fetch() on null in C:\xampp\htdocs\isearch.asticom.com.ph\admin-cpanel\user-management.php:98
Stack trace:
#0 {main}
  thrown in C:\xampp\htdocs\isearch.asticom.com.ph\admin-cpanel\user-management.php on line 98
[04-Nov-2022 03:30:07 HongKong] PHP Notice:  Undefined variable: getAnnouncement in C:\xampp\htdocs\isearch.asticom.com.ph\admin-cpanel\user-management.php on line 98
[04-Nov-2022 03:30:07 HongKong] PHP Fatal error:  Uncaught Error: Call to a member function fetch() on null in C:\xampp\htdocs\isearch.asticom.com.ph\admin-cpanel\user-management.php:98
Stack trace:
#0 {main}
  thrown in C:\xampp\htdocs\isearch.asticom.com.ph\admin-cpanel\user-management.php on line 98
[04-Nov-2022 03:30:14 HongKong] PHP Notice:  Undefined variable: getAnnouncement in C:\xampp\htdocs\isearch.asticom.com.ph\admin-cpanel\user-management.php on line 98
[04-Nov-2022 03:30:14 HongKong] PHP Fatal error:  Uncaught Error: Call to a member function fetch() on null in C:\xampp\htdocs\isearch.asticom.com.ph\admin-cpanel\user-management.php:98
Stack trace:
#0 {main}
  thrown in C:\xampp\htdocs\isearch.asticom.com.ph\admin-cpanel\user-management.php on line 98
[04-Nov-2022 03:30:16 HongKong] PHP Notice:  Undefined variable: getAnnouncement in C:\xampp\htdocs\isearch.asticom.com.ph\admin-cpanel\user-management.php on line 98
[04-Nov-2022 03:30:16 HongKong] PHP Fatal error:  Uncaught Error: Call to a member function fetch() on null in C:\xampp\htdocs\isearch.asticom.com.ph\admin-cpanel\user-management.php:98
Stack trace:
#0 {main}
  thrown in C:\xampp\htdocs\isearch.asticom.com.ph\admin-cpanel\user-management.php on line 98
[04-Nov-2022 03:30:19 HongKong] PHP Notice:  Undefined variable: getAnnouncement in C:\xampp\htdocs\isearch.asticom.com.ph\admin-cpanel\user-management.php on line 98
[04-Nov-2022 03:30:19 HongKong] PHP Fatal error:  Uncaught Error: Call to a member function fetch() on null in C:\xampp\htdocs\isearch.asticom.com.ph\admin-cpanel\user-management.php:98
Stack trace:
#0 {main}
  thrown in C:\xampp\htdocs\isearch.asticom.com.ph\admin-cpanel\user-management.php on line 98
[04-Nov-2022 03:47:40 HongKong] PHP Notice:  Undefined variable: data in C:\xampp\htdocs\isearch.asticom.com.ph\admin-cpanel\user-management.php on line 91
[04-Nov-2022 03:47:40 HongKong] PHP Notice:  Trying to access array offset on value of type null in C:\xampp\htdocs\isearch.asticom.com.ph\admin-cpanel\user-management.php on line 91
[04-Nov-2022 03:47:40 HongKong] PHP Notice:  Undefined variable: data in C:\xampp\htdocs\isearch.asticom.com.ph\admin-cpanel\user-management.php on line 96
[04-Nov-2022 03:47:40 HongKong] PHP Notice:  Trying to access array offset on value of type null in C:\xampp\htdocs\isearch.asticom.com.ph\admin-cpanel\user-management.php on line 96
[04-Nov-2022 04:06:47 HongKong] PHP Fatal error:  Maximum execution time of 120 seconds exceeded in C:\xampp\htdocs\isearch.asticom.com.ph\admin-cpanel\controller\onLoadController.php on line 49
[04-Nov-2022 04:06:47 HongKong] PHP Notice:  Undefined variable: getAnnouncement in C:\xampp\htdocs\isearch.asticom.com.ph\admin-cpanel\user-management.php on line 77
[04-Nov-2022 04:06:47 HongKong] PHP Fatal error:  Uncaught Error: Call to a member function fetch() on null in C:\xampp\htdocs\isearch.asticom.com.ph\admin-cpanel\user-management.php:77
Stack trace:
#0 {main}
  thrown in C:\xampp\htdocs\isearch.asticom.com.ph\admin-cpanel\user-management.php on line 77
[04-Nov-2022 04:21:57 HongKong] PHP Notice:  Array to string conversion in C:\xampp\htdocs\isearch.asticom.com.ph\admin-cpanel\user-management.php on line 98
[04-Nov-2022 11:20:54 HongKong] PHP Notice:  Array to string conversion in C:\xampp\htdocs\isearch.asticom.com.ph\admin-cpanel\user-management.php on line 120
